WARNING: A restricted method in java.lang.System has been called
WARNING: java.lang.System::load has been called by org.fusesource.jansi.internal.JansiLoader in an unnamed module (file:/opt/maven/lib/jansi-2.4.1.jar)
WARNING: Use --enable-native-access=ALL-UNNAMED to avoid a warning for callers in this module
WARNING: Restricted methods will be blocked in a future release unless native access is enabled

WARNING: A terminally deprecated method in sun.misc.Unsafe has been called
WARNING: sun.misc.Unsafe::objectFieldOffset has been called by com.google.common.util.concurrent.AbstractFuture$UnsafeAtomicHelper (file:/opt/maven/lib/guava-33.2.1-jre.jar)
WARNING: Please consider reporting this to the maintainers of class com.google.common.util.concurrent.AbstractFuture$UnsafeAtomicHelper
WARNING: sun.misc.Unsafe::objectFieldOffset will be removed in a future release
[INFO] Scanning for projects...
[INFO] 
[INFO] -----------< com.github.bztmrlan:finance-assistant-backend >------------
[INFO] Building finance-assistant-backend 0.0.1-SNAPSHOT
[INFO]   from pom.xml
[INFO] --------------------------------[ jar ]---------------------------------
[INFO] 
[INFO] >>> spring-boot:3.5.4:run (default-cli) > test-compile @ finance-assistant-backend >>>
[INFO] 
[INFO] --- resources:3.3.1:resources (default-resources) @ finance-assistant-backend ---
[INFO] Copying 2 resources from src/main/resources to target/classes
[INFO] Copying 0 resource from src/main/resources to target/classes
[INFO] 
[INFO] --- compiler:3.14.0:compile (default-compile) @ finance-assistant-backend ---
[INFO] Nothing to compile - all classes are up to date.
[INFO] 
[INFO] --- resources:3.3.1:testResources (default-testResources) @ finance-assistant-backend ---
[INFO] skip non existing resourceDirectory /home/phoebus/Desktop/finance-assistant/finance-assistant-backend/src/test/resources
[INFO] 
[INFO] --- compiler:3.14.0:testCompile (default-testCompile) @ finance-assistant-backend ---
[INFO] Nothing to compile - all classes are up to date.
[INFO] 
[INFO] <<< spring-boot:3.5.4:run (default-cli) < test-compile @ finance-assistant-backend <<<
[INFO] 
[INFO] 
[INFO] --- spring-boot:3.5.4:run (default-cli) @ finance-assistant-backend ---
[INFO] Attaching agents: []

  .   ____          _            __ _ _
 /\\ / ___'_ __ _ _(_)_ __  __ _ \ \ \ \
( ( )\___ | '_ | '_| | '_ \/ _` | \ \ \ \
 \\/  ___)| |_)| | | | | || (_| |  ) ) ) )
  '  |____| .__|_| |_|_| |_\__, | / / / /
 =========|_|==============|___/=/_/_/_/

 :: Spring Boot ::                (v3.5.4)

2025-08-12T23:11:35.600+05:00  INFO 19910 --- [finance-assistant-backend] [           main] g.b.f.FinanceAssistantBackendApplication : Starting FinanceAssistantBackendApplication using Java 24.0.2 with PID 19910 (/home/phoebus/Desktop/finance-assistant/finance-assistant-backend/target/classes started by phoebus in /home/phoebus/Desktop/finance-assistant/finance-assistant-backend)
2025-08-12T23:11:35.601+05:00  INFO 19910 --- [finance-assistant-backend] [           main] g.b.f.FinanceAssistantBackendApplication : No active profile set, falling back to 1 default profile: "default"
2025-08-12T23:11:35.929+05:00  INFO 19910 --- [finance-assistant-backend] [           main] .s.d.r.c.RepositoryConfigurationDelegate : Bootstrapping Spring Data JPA repositories in DEFAULT mode.
2025-08-12T23:11:35.968+05:00  INFO 19910 --- [finance-assistant-backend] [           main] .s.d.r.c.RepositoryConfigurationDelegate : Finished Spring Data repository scanning in 35 ms. Found 10 JPA repository interfaces.
2025-08-12T23:11:36.250+05:00  INFO 19910 --- [finance-assistant-backend] [           main] o.s.b.w.embedded.tomcat.TomcatWebServer  : Tomcat initialized with port 8080 (http)
2025-08-12T23:11:36.258+05:00  INFO 19910 --- [finance-assistant-backend] [           main] o.apache.catalina.core.StandardService   : Starting service [Tomcat]
2025-08-12T23:11:36.258+05:00  INFO 19910 --- [finance-assistant-backend] [           main] o.apache.catalina.core.StandardEngine    : Starting Servlet engine: [Apache Tomcat/10.1.43]
2025-08-12T23:11:36.279+05:00  INFO 19910 --- [finance-assistant-backend] [           main] o.a.c.c.C.[Tomcat].[localhost].[/]       : Initializing Spring embedded WebApplicationContext
2025-08-12T23:11:36.279+05:00  INFO 19910 --- [finance-assistant-backend] [           main] w.s.c.ServletWebServerApplicationContext : Root WebApplicationContext: initialization completed in 650 ms
2025-08-12T23:11:36.358+05:00  INFO 19910 --- [finance-assistant-backend] [           main] o.hibernate.jpa.internal.util.LogHelper  : HHH000204: Processing PersistenceUnitInfo [name: default]
2025-08-12T23:11:36.384+05:00  INFO 19910 --- [finance-assistant-backend] [           main] org.hibernate.Version                    : HHH000412: Hibernate ORM core version 6.6.22.Final
2025-08-12T23:11:36.398+05:00  INFO 19910 --- [finance-assistant-backend] [           main] o.h.c.internal.RegionFactoryInitiator    : HHH000026: Second-level cache disabled
2025-08-12T23:11:36.516+05:00  INFO 19910 --- [finance-assistant-backend] [           main] o.s.o.j.p.SpringPersistenceUnitInfo      : No LoadTimeWeaver setup: ignoring JPA class transformer
2025-08-12T23:11:36.530+05:00  INFO 19910 --- [finance-assistant-backend] [           main] com.zaxxer.hikari.HikariDataSource       : HikariPool-1 - Starting...
2025-08-12T23:11:36.579+05:00  INFO 19910 --- [finance-assistant-backend] [           main] com.zaxxer.hikari.pool.HikariPool        : HikariPool-1 - Added connection org.postgresql.jdbc.PgConnection@f59da34
2025-08-12T23:11:36.580+05:00  INFO 19910 --- [finance-assistant-backend] [           main] com.zaxxer.hikari.HikariDataSource       : HikariPool-1 - Start completed.
2025-08-12T23:11:36.596+05:00  WARN 19910 --- [finance-assistant-backend] [           main] org.hibernate.orm.deprecation            : HHH90000025: PostgreSQLDialect does not need to be specified explicitly using 'hibernate.dialect' (remove the property setting and it will be selected by default)
2025-08-12T23:11:36.604+05:00  INFO 19910 --- [finance-assistant-backend] [           main] org.hibernate.orm.connections.pooling    : HHH10001005: Database info:
	Database JDBC URL [Connecting through datasource 'HikariDataSource (HikariPool-1)']
	Database driver: undefined/unknown
	Database version: 17.5
	Autocommit mode: undefined/unknown
	Isolation level: undefined/unknown
	Minimum pool size: undefined/unknown
	Maximum pool size: undefined/unknown
2025-08-12T23:11:37.108+05:00  INFO 19910 --- [finance-assistant-backend] [           main] o.h.e.t.j.p.i.JtaPlatformInitiator       : HHH000489: No JTA platform available (set 'hibernate.transaction.jta.platform' to enable JTA platform integration)
2025-08-12T23:11:37.538+05:00  INFO 19910 --- [finance-assistant-backend] [           main] j.LocalContainerEntityManagerFactoryBean : Initialized JPA EntityManagerFactory for persistence unit 'default'
2025-08-12T23:11:37.721+05:00  INFO 19910 --- [finance-assistant-backend] [           main] r$InitializeUserDetailsManagerConfigurer : Global AuthenticationManager configured with UserDetailsService bean with name customUserDetailsService
2025-08-12T23:11:37.737+05:00  INFO 19910 --- [finance-assistant-backend] [           main] o.s.d.j.r.query.QueryEnhancerFactory     : Hibernate is in classpath; If applicable, HQL parser will be used.
2025-08-12T23:11:38.349+05:00  WARN 19910 --- [finance-assistant-backend] [           main] JpaBaseConfiguration$JpaWebConfiguration : spring.jpa.open-in-view is enabled by default. Therefore, database queries may be performed during view rendering. Explicitly configure spring.jpa.open-in-view to disable this warning
2025-08-12T23:11:38.589+05:00  INFO 19910 --- [finance-assistant-backend] [           main] o.s.b.w.embedded.tomcat.TomcatWebServer  : Tomcat started on port 8080 (http) with context path '/'
2025-08-12T23:11:38.596+05:00  INFO 19910 --- [finance-assistant-backend] [           main] g.b.f.FinanceAssistantBackendApplication : Started FinanceAssistantBackendApplication in 3.189 seconds (process running for 3.343)
Hibernate: select count(*) from users u1_0
2025-08-12T23:12:29.231+05:00  INFO 19910 --- [finance-assistant-backend] [nio-8080-exec-1] o.a.c.c.C.[Tomcat].[localhost].[/]       : Initializing Spring DispatcherServlet 'dispatcherServlet'
2025-08-12T23:12:29.231+05:00  INFO 19910 --- [finance-assistant-backend] [nio-8080-exec-1] o.s.web.servlet.DispatcherServlet        : Initializing Servlet 'dispatcherServlet'
2025-08-12T23:12:29.231+05:00  INFO 19910 --- [finance-assistant-backend] [nio-8080-exec-1] o.s.web.servlet.DispatcherServlet        : Completed initialization in 0 ms
JWT Filter - Skipping authentication setup:
  - Username: null
  - UserId: null
  - Security context already has authentication: false
2025-08-12T23:13:10.892+05:00  INFO 19910 --- [finance-assistant-backend] [ionShutdownHook] o.s.b.w.e.tomcat.GracefulShutdown        : Commencing graceful shutdown. Waiting for active requests to complete
2025-08-12T23:13:10.894+05:00  INFO 19910 --- [finance-assistant-backend] [tomcat-shutdown] o.s.b.w.e.tomcat.GracefulShutdown        : Graceful shutdown complete
2025-08-12T23:13:10.897+05:00  INFO 19910 --- [finance-assistant-backend] [ionShutdownHook] j.LocalContainerEntityManagerFactoryBean : Closing JPA EntityManagerFactory for persistence unit 'default'
2025-08-12T23:13:10.898+05:00  INFO 19910 --- [finance-assistant-backend] [ionShutdownHook] com.zaxxer.hikari.HikariDataSource       : HikariPool-1 - Shutdown initiated...
2025-08-12T23:13:10.900+05:00  INFO 19910 --- [finance-assistant-backend] [ionShutdownHook] com.zaxxer.hikari.HikariDataSource       : HikariPool-1 - Shutdown completed.
[INFO] ------------------------------------------------------------------------
[INFO] BUILD FAILURE
[INFO] ------------------------------------------------------------------------
[INFO] Total time:  01:36 min
[INFO] Finished at: 2025-08-12T23:13:10+05:00
[INFO] ------------------------------------------------------------------------
[ERROR] Failed to execute goal org.springframework.boot:spring-boot-maven-plugin:3.5.4:run (default-cli) on project finance-assistant-backend: Process terminated with exit code: 143 -> [Help 1]
[ERROR] 
[ERROR] To see the full stack trace of the errors, re-run Maven with the -e switch.
[ERROR] Re-run Maven using the -X switch to enable full debug logging.
[ERROR] 
[ERROR] For more information about the errors and possible solutions, please read the following articles:
[ERROR] [Help 1] http://cwiki.apache.org/confluence/display/MAVEN/MojoExecutionException
